Line 21: Class ACTIVESKINLibCtl.Skin of control Skin1 was not a loaded control class.
Line 94: Class ShockwaveFlashObjectsCtl.ShockwaveFlash of control sw1 was not a loaded control class.
Line 23: The property name OleObjectBlob in Skin1 is invalid.
Line 100: The property name _cx in sw1 is invalid.
Line 101: The property name _cy in sw1 is invalid.
Line 102: The property name Movie in sw1 is invalid.
Line 103: The property name Src in sw1 is invalid.
Line 104: The property name WMode in sw1 is invalid.
Line 105: The property name Play in sw1 is invalid.
Line 106: The property name Loop in sw1 is invalid.
Line 107: The property name Quality in sw1 is invalid.
Line 108: The property name SAlign in sw1 is invalid.
Line 109: The property name Menu in sw1 is invalid.
Line 110: The property name Base in sw1 is invalid.
Line 111: The property name Scale in sw1 is invalid.
Line 112: The property name DeviceFont in sw1 is invalid.
Line 113: The property name EmbedMovie in sw1 is invalid.
Line 114: The property name BGColor in sw1 is invalid.
Line 115: The property name SWRemote in sw1 is invalid.
Line 116: The property name Stacking in sw1 is invalid.
