Line 33: Class ACTIVESKINLibCtl.SkinLabel of control SkinLabel4 was not a loaded control class.
Line 41: Class ACTIVESKINLibCtl.SkinLabel of control SkinLabel5 was not a loaded control class.
Line 49: Class ACTIVESKINLibCtl.SkinLabel of control SkinLabel6 was not a loaded control class.
Line 58: Class ACTIVESKINLibCtl.SkinLabel of control SkinLabel1 was not a loaded control class.
Line 67: Class ACTIVESKINLibCtl.SkinLabel of control labelopentimes was not a loaded control class.
Line 76: Class ACTIVESKINLibCtl.Skin of control Skin1 was not a loaded control class.
Line 1472: Class ACTIVESKINLibCtl.SkinLabel of control Clabel was not a loaded control class.
Line 1481: Class ACTIVESKINLibCtl.SkinLabel of control Clabel was not a loaded control class.
Line 1490: Class ACTIVESKINLibCtl.SkinLabel of control Clabel was not a loaded control class.
Line 1499: Class ACTIVESKINLibCtl.SkinLabel of control Clabel was not a loaded control class.
Line 1508: Class ACTIVESKINLibCtl.SkinLabel of control Clabel was not a loaded control class.
Line 1517: Class ACTIVESKINLibCtl.SkinLabel of control Clabel was not a loaded control class.
Line 1526: Class ACTIVESKINLibCtl.SkinLabel of control Clabel was not a loaded control class.
Line 1535: Class ACTIVESKINLibCtl.SkinLabel of control Clabel was not a loaded control class.
Line 1544: Class ACTIVESKINLibCtl.SkinLabel of control Clabel was not a loaded control class.
Line 1553: Class ACTIVESKINLibCtl.SkinLabel of control Clabel was not a loaded control class.
Line 1562: Class ACTIVESKINLibCtl.SkinLabel of control Clabel was not a loaded control class.
Line 1571: Class ACTIVESKINLibCtl.SkinLabel of control Clabel was not a loaded control class.
Line 1580: Class ACTIVESKINLibCtl.SkinLabel of control Clabel was not a loaded control class.
Line 1589: Class ACTIVESKINLibCtl.SkinLabel of control Clabel was not a loaded control class.
Line 1598: Class ACTIVESKINLibCtl.SkinLabel of control Clabel was not a loaded control class.
Line 1607: Class ACTIVESKINLibCtl.SkinLabel of control Clabel was not a loaded control class.
Line 1616: Class ACTIVESKINLibCtl.SkinLabel of control Clabel was not a loaded control class.
Line 1625: Class ACTIVESKINLibCtl.SkinLabel of control Clabel was not a loaded control class.
Line 1634: Class ACTIVESKINLibCtl.SkinLabel of control Clabel was not a loaded control class.
Line 1643: Class ACTIVESKINLibCtl.SkinLabel of control Clabel was not a loaded control class.
Line 1652: Class ACTIVESKINLibCtl.SkinLabel of control Clabel was not a loaded control class.
Line 1661: Class ACTIVESKINLibCtl.SkinLabel of control Clabel was not a loaded control class.
Line 1670: Class ACTIVESKINLibCtl.SkinLabel of control Clabel was not a loaded control class.
Line 1679: Class ACTIVESKINLibCtl.SkinLabel of control Clabel was not a loaded control class.
Line 1688: Class ACTIVESKINLibCtl.SkinLabel of control Clabel was not a loaded control class.
Line 1697: Class ACTIVESKINLibCtl.SkinLabel of control Clabel was not a loaded control class.
Line 1706: Class ACTIVESKINLibCtl.SkinLabel of control Clabel was not a loaded control class.
Line 1715: Class ACTIVESKINLibCtl.SkinLabel of control Clabel was not a loaded control class.
Line 1724: Class ACTIVESKINLibCtl.SkinLabel of control Clabel was not a loaded control class.
Line 1733: Class ACTIVESKINLibCtl.SkinLabel of control Clabel was not a loaded control class.
Line 1742: Class ACTIVESKINLibCtl.SkinLabel of control Clabel was not a loaded control class.
Line 1751: Class ACTIVESKINLibCtl.SkinLabel of control Clabel was not a loaded control class.
Line 1760: Class ACTIVESKINLibCtl.SkinLabel of control Clabel was not a loaded control class.
Line 1769: Class ACTIVESKINLibCtl.SkinLabel of control Clabel was not a loaded control class.
Line 1778: Class ACTIVESKINLibCtl.SkinLabel of control Clabel was not a loaded control class.
Line 1787: Class ACTIVESKINLibCtl.SkinLabel of control Clabel was not a loaded control class.
Line 1796: Class ACTIVESKINLibCtl.SkinLabel of control Clabel was not a loaded control class.
Line 1805: Class ACTIVESKINLibCtl.SkinLabel of control Clabel was not a loaded control class.
Line 1814: Class ACTIVESKINLibCtl.SkinLabel of control Clabel was not a loaded control class.
Line 1823: Class ACTIVESKINLibCtl.SkinLabel of control Clabel was not a loaded control class.
Line 1946: Class ACTIVESKINLibCtl.SkinLabel of control SkinLabel2 was not a loaded control class.
Line 1955: Class ACTIVESKINLibCtl.SkinLabel of control SkinLabel3 was not a loaded control class.
Line 36: The property name OleObjectBlob in SkinLabel4 is invalid.
Line 44: The property name OleObjectBlob in SkinLabel5 is invalid.
Line 52: The property name OleObjectBlob in SkinLabel6 is invalid.
Line 61: The property name OleObjectBlob in SkinLabel1 is invalid.
Line 70: The property name OleObjectBlob in labelopentimes is invalid.
Line 78: The property name OleObjectBlob in Skin1 is invalid.
Line 1476: The property name OleObjectBlob in Clabel is invalid.
Line 1485: The property name OleObjectBlob in Clabel is invalid.
Line 1494: The property name OleObjectBlob in Clabel is invalid.
Line 1503: The property name OleObjectBlob in Clabel is invalid.
Line 1512: The property name OleObjectBlob in Clabel is invalid.
Line 1521: The property name OleObjectBlob in Clabel is invalid.
Line 1530: The property name OleObjectBlob in Clabel is invalid.
Line 1539: The property name OleObjectBlob in Clabel is invalid.
Line 1548: The property name OleObjectBlob in Clabel is invalid.
Line 1557: The property name OleObjectBlob in Clabel is invalid.
Line 1566: The property name OleObjectBlob in Clabel is invalid.
Line 1575: The property name OleObjectBlob in Clabel is invalid.
Line 1584: The property name OleObjectBlob in Clabel is invalid.
Line 1593: The property name OleObjectBlob in Clabel is invalid.
Line 1602: The property name OleObjectBlob in Clabel is invalid.
Line 1611: The property name OleObjectBlob in Clabel is invalid.
Line 1620: The property name OleObjectBlob in Clabel is invalid.
Line 1629: The property name OleObjectBlob in Clabel is invalid.
Line 1638: The property name OleObjectBlob in Clabel is invalid.
Line 1647: The property name OleObjectBlob in Clabel is invalid.
Line 1656: The property name OleObjectBlob in Clabel is invalid.
Line 1665: The property name OleObjectBlob in Clabel is invalid.
Line 1674: The property name OleObjectBlob in Clabel is invalid.
Line 1683: The property name OleObjectBlob in Clabel is invalid.
Line 1692: The property name OleObjectBlob in Clabel is invalid.
Line 1701: The property name OleObjectBlob in Clabel is invalid.
Line 1710: The property name OleObjectBlob in Clabel is invalid.
Line 1719: The property name OleObjectBlob in Clabel is invalid.
Line 1728: The property name OleObjectBlob in Clabel is invalid.
Line 1737: The property name OleObjectBlob in Clabel is invalid.
Line 1746: The property name OleObjectBlob in Clabel is invalid.
Line 1755: The property name OleObjectBlob in Clabel is invalid.
Line 1764: The property name OleObjectBlob in Clabel is invalid.
Line 1773: The property name OleObjectBlob in Clabel is invalid.
Line 1782: The property name OleObjectBlob in Clabel is invalid.
Line 1791: The property name OleObjectBlob in Clabel is invalid.
Line 1800: The property name OleObjectBlob in Clabel is invalid.
Line 1809: The property name OleObjectBlob in Clabel is invalid.
Line 1818: The property name OleObjectBlob in Clabel is invalid.
Line 1827: The property name OleObjectBlob in Clabel is invalid.
Line 1949: The property name OleObjectBlob in SkinLabel2 is invalid.
Line 1958: The property name OleObjectBlob in SkinLabel3 is invalid.
